

Started GET "/" for 127.0.0.1 at 2014-10-15 09:48:10 -0400
Processing by Rails::WelcomeController#index as HTML
  Rendered /Users/andrewvida/.rbenv/versions/2.1.1/lib/ruby/gems/2.1.0/gems/railties-4.0.5/lib/rails/templates/rails/welcome/index.html.erb (1.9ms)
Completed 200 OK in 20ms (Views: 10.8ms | ActiveRecord: 0.0ms)


Started GET "/" for 127.0.0.1 at 2014-10-15 09:48:35 -0400

ArgumentError (Missing :action key on routes definition, please check your routes.):
  config/routes.rb:6:in `block in <top (required)>'
  config/routes.rb:1:in `<top (required)>'


  Rendered /Users/andrewvida/.rbenv/versions/2.1.1/lib/ruby/gems/2.1.0/gems/actionpack-4.0.5/lib/action_dispatch/middleware/templates/rescues/_source.erb (0.8ms)
  Rendered /Users/andrewvida/.rbenv/versions/2.1.1/lib/ruby/gems/2.1.0/gems/actionpack-4.0.5/lib/action_dispatch/middleware/templates/rescues/_trace.erb (1.2ms)
  Rendered /Users/andrewvida/.rbenv/versions/2.1.1/lib/ruby/gems/2.1.0/gems/actionpack-4.0.5/lib/action_dispatch/middleware/templates/rescues/_request_and_response.erb (1.5ms)
  Rendered /Users/andrewvida/.rbenv/versions/2.1.1/lib/ruby/gems/2.1.0/gems/actionpack-4.0.5/lib/action_dispatch/middleware/templates/rescues/diagnostics.erb within rescues/layout (21.2ms)


Started GET "/" for 127.0.0.1 at 2014-10-15 09:51:31 -0400
Processing by HomeController#index as HTML
  Rendered home/index.html.erb within layouts/application (1.1ms)
Completed 200 OK in 549ms (Views: 539.8ms | ActiveRecord: 0.0ms)


Started GET "/assets/jquery.js?body=1" for 127.0.0.1 at 2014-10-15 09:51:32 -0400


Started GET "/assets/home.css?body=1" for 127.0.0.1 at 2014-10-15 09:51:32 -0400


Started GET "/assets/application.js?body=1" for 127.0.0.1 at 2014-10-15 09:51:32 -0400


Started GET "/assets/turbolinks.js?body=1" for 127.0.0.1 at 2014-10-15 09:51:32 -0400


Started GET "/assets/home.js?body=1" for 127.0.0.1 at 2014-10-15 09:51:32 -0400


Started GET "/assets/application.css?body=1" for 127.0.0.1 at 2014-10-15 09:51:32 -0400


Started GET "/css/app.css" for 127.0.0.1 at 2014-10-15 09:51:32 -0400

ActionController::RoutingError (No route matches [GET] "/css/app.css"):
  actionpack (4.0.5) lib/action_dispatch/middleware/debug_exceptions.rb:21:in `call'
  actionpack (4.0.5) lib/action_dispatch/middleware/show_exceptions.rb:30:in `call'
  railties (4.0.5) lib/rails/rack/logger.rb:38:in `call_app'
  railties (4.0.5) lib/rails/rack/logger.rb:20:in `block in call'
  activesupport (4.0.5) lib/active_support/tagged_logging.rb:68:in `block in tagged'
  activesupport (4.0.5) lib/active_support/tagged_logging.rb:26:in `tagged'
  activesupport (4.0.5) lib/active_support/tagged_logging.rb:68:in `tagged'
  railties (4.0.5) lib/rails/rack/logger.rb:20:in `call'
  actionpack (4.0.5) lib/action_dispatch/middleware/request_id.rb:21:in `call'
  rack (1.5.2) lib/rack/methodoverride.rb:21:in `call'
  rack (1.5.2) lib/rack/runtime.rb:17:in `call'
  activesupport (4.0.5) lib/active_support/cache/strategy/local_cache.rb:83:in `call'
  rack (1.5.2) lib/rack/lock.rb:17:in `call'
  actionpack (4.0.5) lib/action_dispatch/middleware/static.rb:64:in `call'
  rack (1.5.2) lib/rack/sendfile.rb:112:in `call'
  railties (4.0.5) lib/rails/engine.rb:511:in `call'
  railties (4.0.5) lib/rails/application.rb:97:in `call'
  rack (1.5.2) lib/rack/lock.rb:17:in `call'
  rack (1.5.2) lib/rack/content_length.rb:14:in `call'
  rack (1.5.2) lib/rack/handler/webrick.rb:60:in `service'
  /Users/andrewvida/.rbenv/versions/2.1.1/lib/ruby/2.1.0/webrick/httpserver.rb:138:in `service'
  /Users/andrewvida/.rbenv/versions/2.1.1/lib/ruby/2.1.0/webrick/httpserver.rb:94:in `run'
  /Users/andrewvida/.rbenv/versions/2.1.1/lib/ruby/2.1.0/webrick/server.rb:295:in `block in start_thread'


  Rendered /Users/andrewvida/.rbenv/versions/2.1.1/lib/ruby/gems/2.1.0/gems/actionpack-4.0.5/lib/action_dispatch/middleware/templates/rescues/_trace.erb (2.1ms)
  Rendered /Users/andrewvida/.rbenv/versions/2.1.1/lib/ruby/gems/2.1.0/gems/actionpack-4.0.5/lib/action_dispatch/middleware/templates/routes/_route.html.erb (0.9ms)
  Rendered /Users/andrewvida/.rbenv/versions/2.1.1/lib/ruby/gems/2.1.0/gems/actionpack-4.0.5/lib/action_dispatch/middleware/templates/routes/_table.html.erb (6.7ms)
  Rendered /Users/andrewvida/.rbenv/versions/2.1.1/lib/ruby/gems/2.1.0/gems/actionpack-4.0.5/lib/action_dispatch/middleware/templates/rescues/routing_error.erb within rescues/layout (31.9ms)


Started GET "/js/app.js" for 127.0.0.1 at 2014-10-15 09:51:32 -0400

ActionController::RoutingError (No route matches [GET] "/js/app.js"):
  actionpack (4.0.5) lib/action_dispatch/middleware/debug_exceptions.rb:21:in `call'
  actionpack (4.0.5) lib/action_dispatch/middleware/show_exceptions.rb:30:in `call'
  railties (4.0.5) lib/rails/rack/logger.rb:38:in `call_app'
  railties (4.0.5) lib/rails/rack/logger.rb:20:in `block in call'
  activesupport (4.0.5) lib/active_support/tagged_logging.rb:68:in `block in tagged'
  activesupport (4.0.5) lib/active_support/tagged_logging.rb:26:in `tagged'
  activesupport (4.0.5) lib/active_support/tagged_logging.rb:68:in `tagged'
  railties (4.0.5) lib/rails/rack/logger.rb:20:in `call'
  actionpack (4.0.5) lib/action_dispatch/middleware/request_id.rb:21:in `call'
  rack (1.5.2) lib/rack/methodoverride.rb:21:in `call'
  rack (1.5.2) lib/rack/runtime.rb:17:in `call'
  activesupport (4.0.5) lib/active_support/cache/strategy/local_cache.rb:83:in `call'
  rack (1.5.2) lib/rack/lock.rb:17:in `call'
  actionpack (4.0.5) lib/action_dispatch/middleware/static.rb:64:in `call'
  rack (1.5.2) lib/rack/sendfile.rb:112:in `call'
  railties (4.0.5) lib/rails/engine.rb:511:in `call'
  railties (4.0.5) lib/rails/application.rb:97:in `call'
  rack (1.5.2) lib/rack/lock.rb:17:in `call'
  rack (1.5.2) lib/rack/content_length.rb:14:in `call'
  rack (1.5.2) lib/rack/handler/webrick.rb:60:in `service'
  /Users/andrewvida/.rbenv/versions/2.1.1/lib/ruby/2.1.0/webrick/httpserver.rb:138:in `service'
  /Users/andrewvida/.rbenv/versions/2.1.1/lib/ruby/2.1.0/webrick/httpserver.rb:94:in `run'
  /Users/andrewvida/.rbenv/versions/2.1.1/lib/ruby/2.1.0/webrick/server.rb:295:in `block in start_thread'


  Rendered /Users/andrewvida/.rbenv/versions/2.1.1/lib/ruby/gems/2.1.0/gems/actionpack-4.0.5/lib/action_dispatch/middleware/templates/rescues/_trace.erb (1.0ms)
  Rendered /Users/andrewvida/.rbenv/versions/2.1.1/lib/ruby/gems/2.1.0/gems/actionpack-4.0.5/lib/action_dispatch/middleware/templates/routes/_route.html.erb (0.9ms)
  Rendered /Users/andrewvida/.rbenv/versions/2.1.1/lib/ruby/gems/2.1.0/gems/actionpack-4.0.5/lib/action_dispatch/middleware/templates/routes/_table.html.erb (1.0ms)
  Rendered /Users/andrewvida/.rbenv/versions/2.1.1/lib/ruby/gems/2.1.0/gems/actionpack-4.0.5/lib/action_dispatch/middleware/templates/rescues/routing_error.erb within rescues/layout (16.0ms)


Started GET "/assets/jquery_ujs.js?body=1" for 127.0.0.1 at 2014-10-15 09:51:32 -0400


Started GET "/" for 127.0.0.1 at 2014-10-15 10:00:59 -0400
Processing by HomeController#index as HTML
  Rendered home/index.html.erb within layouts/application (0.1ms)
Completed 500 Internal Server Error in 10ms

ActionView::Template::Error (Invalid CSS after "$font-face ": expected ":", was "{"
  (in /Users/andrewvida/Documents/Code/national_road/national_road/app/assets/stylesheets/home.css.scss:9)):
    2: <html>
    3: <head>
    4:   <title>NationalRoad</title>
    5:   <%= stylesheet_link_tag    "application", media: "all", "data-turbolinks-track" => true %>
    6:   <%= javascript_include_tag "application", "data-turbolinks-track" => true %>
    7:   <%= csrf_meta_tags %>
    8: </head>
  app/assets/stylesheets/home.css.scss:9
  app/views/layouts/application.html.erb:5:in `_app_views_layouts_application_html_erb__2258736155964947413_70365512880920'


  Rendered /Users/andrewvida/.rbenv/versions/2.1.1/lib/ruby/gems/2.1.0/gems/actionpack-4.0.5/lib/action_dispatch/middleware/templates/rescues/_trace.erb (2.2ms)
  Rendered /Users/andrewvida/.rbenv/versions/2.1.1/lib/ruby/gems/2.1.0/gems/actionpack-4.0.5/lib/action_dispatch/middleware/templates/rescues/_request_and_response.erb (1.0ms)
  Rendered /Users/andrewvida/.rbenv/versions/2.1.1/lib/ruby/gems/2.1.0/gems/actionpack-4.0.5/lib/action_dispatch/middleware/templates/rescues/template_error.erb within rescues/layout (13.8ms)


Started GET "/" for 127.0.0.1 at 2014-10-15 10:08:46 -0400
Processing by HomeController#index as HTML
  Rendered home/index.html.erb within layouts/application (0.1ms)
Completed 200 OK in 44ms (Views: 43.8ms | ActiveRecord: 0.0ms)


Started GET "/assets/application.css?body=1" for 127.0.0.1 at 2014-10-15 10:08:46 -0400


Started GET "/js/app.js" for 127.0.0.1 at 2014-10-15 10:08:46 -0400

ActionController::RoutingError (No route matches [GET] "/js/app.js"):
  actionpack (4.0.5) lib/action_dispatch/middleware/debug_exceptions.rb:21:in `call'
  actionpack (4.0.5) lib/action_dispatch/middleware/show_exceptions.rb:30:in `call'
  railties (4.0.5) lib/rails/rack/logger.rb:38:in `call_app'
  railties (4.0.5) lib/rails/rack/logger.rb:20:in `block in call'
  activesupport (4.0.5) lib/active_support/tagged_logging.rb:68:in `block in tagged'
  activesupport (4.0.5) lib/active_support/tagged_logging.rb:26:in `tagged'
  activesupport (4.0.5) lib/active_support/tagged_logging.rb:68:in `tagged'
  railties (4.0.5) lib/rails/rack/logger.rb:20:in `call'
  actionpack (4.0.5) lib/action_dispatch/middleware/request_id.rb:21:in `call'
  rack (1.5.2) lib/rack/methodoverride.rb:21:in `call'
  rack (1.5.2) lib/rack/runtime.rb:17:in `call'
  activesupport (4.0.5) lib/active_support/cache/strategy/local_cache.rb:83:in `call'
  rack (1.5.2) lib/rack/lock.rb:17:in `call'
  actionpack (4.0.5) lib/action_dispatch/middleware/static.rb:64:in `call'
  rack (1.5.2) lib/rack/sendfile.rb:112:in `call'
  railties (4.0.5) lib/rails/engine.rb:511:in `call'
  railties (4.0.5) lib/rails/application.rb:97:in `call'
  rack (1.5.2) lib/rack/lock.rb:17:in `call'
  rack (1.5.2) lib/rack/content_length.rb:14:in `call'
  rack (1.5.2) lib/rack/handler/webrick.rb:60:in `service'
  /Users/andrewvida/.rbenv/versions/2.1.1/lib/ruby/2.1.0/webrick/httpserver.rb:138:in `service'
  /Users/andrewvida/.rbenv/versions/2.1.1/lib/ruby/2.1.0/webrick/httpserver.rb:94:in `run'
  /Users/andrewvida/.rbenv/versions/2.1.1/lib/ruby/2.1.0/webrick/server.rb:295:in `block in start_thread'


  Rendered /Users/andrewvida/.rbenv/versions/2.1.1/lib/ruby/gems/2.1.0/gems/actionpack-4.0.5/lib/action_dispatch/middleware/templates/rescues/_trace.erb (1.1ms)
  Rendered /Users/andrewvida/.rbenv/versions/2.1.1/lib/ruby/gems/2.1.0/gems/actionpack-4.0.5/lib/action_dispatch/middleware/templates/routes/_route.html.erb (1.4ms)
  Rendered /Users/andrewvida/.rbenv/versions/2.1.1/lib/ruby/gems/2.1.0/gems/actionpack-4.0.5/lib/action_dispatch/middleware/templates/routes/_table.html.erb (1.2ms)
  Rendered /Users/andrewvida/.rbenv/versions/2.1.1/lib/ruby/gems/2.1.0/gems/actionpack-4.0.5/lib/action_dispatch/middleware/templates/rescues/routing_error.erb within rescues/layout (18.6ms)


Started GET "/assets/jquery_ujs.js?body=1" for 127.0.0.1 at 2014-10-15 10:08:46 -0400


Started GET "/assets/jquery.js?body=1" for 127.0.0.1 at 2014-10-15 10:08:46 -0400


Started GET "/assets/home.css?body=1" for 127.0.0.1 at 2014-10-15 10:08:46 -0400


Started GET "/assets/turbolinks.js?body=1" for 127.0.0.1 at 2014-10-15 10:08:46 -0400


Started GET "/css/app.css" for 127.0.0.1 at 2014-10-15 10:08:46 -0400

ActionController::RoutingError (No route matches [GET] "/css/app.css"):
  actionpack (4.0.5) lib/action_dispatch/middleware/debug_exceptions.rb:21:in `call'
  actionpack (4.0.5) lib/action_dispatch/middleware/show_exceptions.rb:30:in `call'
  railties (4.0.5) lib/rails/rack/logger.rb:38:in `call_app'
  railties (4.0.5) lib/rails/rack/logger.rb:20:in `block in call'
  activesupport (4.0.5) lib/active_support/tagged_logging.rb:68:in `block in tagged'
  activesupport (4.0.5) lib/active_support/tagged_logging.rb:26:in `tagged'
  activesupport (4.0.5) lib/active_support/tagged_logging.rb:68:in `tagged'
  railties (4.0.5) lib/rails/rack/logger.rb:20:in `call'
  actionpack (4.0.5) lib/action_dispatch/middleware/request_id.rb:21:in `call'
  rack (1.5.2) lib/rack/methodoverride.rb:21:in `call'
  rack (1.5.2) lib/rack/runtime.rb:17:in `call'
  activesupport (4.0.5) lib/active_support/cache/strategy/local_cache.rb:83:in `call'
  rack (1.5.2) lib/rack/lock.rb:17:in `call'
  actionpack (4.0.5) lib/action_dispatch/middleware/static.rb:64:in `call'
  rack (1.5.2) lib/rack/sendfile.rb:112:in `call'
  railties (4.0.5) lib/rails/engine.rb:511:in `call'
  railties (4.0.5) lib/rails/application.rb:97:in `call'
  rack (1.5.2) lib/rack/lock.rb:17:in `call'
  rack (1.5.2) lib/rack/content_length.rb:14:in `call'
  rack (1.5.2) lib/rack/handler/webrick.rb:60:in `service'
  /Users/andrewvida/.rbenv/versions/2.1.1/lib/ruby/2.1.0/webrick/httpserver.rb:138:in `service'
  /Users/andrewvida/.rbenv/versions/2.1.1/lib/ruby/2.1.0/webrick/httpserver.rb:94:in `run'
  /Users/andrewvida/.rbenv/versions/2.1.1/lib/ruby/2.1.0/webrick/server.rb:295:in `block in start_thread'


  Rendered /Users/andrewvida/.rbenv/versions/2.1.1/lib/ruby/gems/2.1.0/gems/actionpack-4.0.5/lib/action_dispatch/middleware/templates/rescues/_trace.erb (2.3ms)
  Rendered /Users/andrewvida/.rbenv/versions/2.1.1/lib/ruby/gems/2.1.0/gems/actionpack-4.0.5/lib/action_dispatch/middleware/templates/routes/_route.html.erb (1.6ms)
  Rendered /Users/andrewvida/.rbenv/versions/2.1.1/lib/ruby/gems/2.1.0/gems/actionpack-4.0.5/lib/action_dispatch/middleware/templates/routes/_table.html.erb (2.0ms)
  Rendered /Users/andrewvida/.rbenv/versions/2.1.1/lib/ruby/gems/2.1.0/gems/actionpack-4.0.5/lib/action_dispatch/middleware/templates/rescues/routing_error.erb within rescues/layout (27.1ms)


Started GET "/assets/application.js?body=1" for 127.0.0.1 at 2014-10-15 10:08:46 -0400


Started GET "/webfonts/sourcesanspro-regular-webfont.ttf" for 127.0.0.1 at 2014-10-15 10:08:46 -0400

ActionController::RoutingError (No route matches [GET] "/webfonts/sourcesanspro-regular-webfont.ttf"):
  actionpack (4.0.5) lib/action_dispatch/middleware/debug_exceptions.rb:21:in `call'
  actionpack (4.0.5) lib/action_dispatch/middleware/show_exceptions.rb:30:in `call'
  railties (4.0.5) lib/rails/rack/logger.rb:38:in `call_app'
  railties (4.0.5) lib/rails/rack/logger.rb:20:in `block in call'
  activesupport (4.0.5) lib/active_support/tagged_logging.rb:68:in `block in tagged'
  activesupport (4.0.5) lib/active_support/tagged_logging.rb:26:in `tagged'
  activesupport (4.0.5) lib/active_support/tagged_logging.rb:68:in `tagged'
  railties (4.0.5) lib/rails/rack/logger.rb:20:in `call'
  actionpack (4.0.5) lib/action_dispatch/middleware/request_id.rb:21:in `call'
  rack (1.5.2) lib/rack/methodoverride.rb:21:in `call'
  rack (1.5.2) lib/rack/runtime.rb:17:in `call'
  activesupport (4.0.5) lib/active_support/cache/strategy/local_cache.rb:83:in `call'
  rack (1.5.2) lib/rack/lock.rb:17:in `call'
  actionpack (4.0.5) lib/action_dispatch/middleware/static.rb:64:in `call'
  rack (1.5.2) lib/rack/sendfile.rb:112:in `call'
  railties (4.0.5) lib/rails/engine.rb:511:in `call'
  railties (4.0.5) lib/rails/application.rb:97:in `call'
  rack (1.5.2) lib/rack/lock.rb:17:in `call'
  rack (1.5.2) lib/rack/content_length.rb:14:in `call'
  rack (1.5.2) lib/rack/handler/webrick.rb:60:in `service'
  /Users/andrewvida/.rbenv/versions/2.1.1/lib/ruby/2.1.0/webrick/httpserver.rb:138:in `service'
  /Users/andrewvida/.rbenv/versions/2.1.1/lib/ruby/2.1.0/webrick/httpserver.rb:94:in `run'
  /Users/andrewvida/.rbenv/versions/2.1.1/lib/ruby/2.1.0/webrick/server.rb:295:in `block in start_thread'


  Rendered /Users/andrewvida/.rbenv/versions/2.1.1/lib/ruby/gems/2.1.0/gems/actionpack-4.0.5/lib/action_dispatch/middleware/templates/rescues/_trace.erb (2.1ms)
  Rendered /Users/andrewvida/.rbenv/versions/2.1.1/lib/ruby/gems/2.1.0/gems/actionpack-4.0.5/lib/action_dispatch/middleware/templates/routes/_route.html.erb (1.0ms)
  Rendered /Users/andrewvida/.rbenv/versions/2.1.1/lib/ruby/gems/2.1.0/gems/actionpack-4.0.5/lib/action_dispatch/middleware/templates/routes/_table.html.erb (1.4ms)
  Rendered /Users/andrewvida/.rbenv/versions/2.1.1/lib/ruby/gems/2.1.0/gems/actionpack-4.0.5/lib/action_dispatch/middleware/templates/rescues/routing_error.erb within rescues/layout (22.6ms)


Started GET "/img/generations.jpg" for 127.0.0.1 at 2014-10-15 10:08:46 -0400

ActionController::RoutingError (No route matches [GET] "/img/generations.jpg"):
  actionpack (4.0.5) lib/action_dispatch/middleware/debug_exceptions.rb:21:in `call'
  actionpack (4.0.5) lib/action_dispatch/middleware/show_exceptions.rb:30:in `call'
  railties (4.0.5) lib/rails/rack/logger.rb:38:in `call_app'
  railties (4.0.5) lib/rails/rack/logger.rb:20:in `block in call'
  activesupport (4.0.5) lib/active_support/tagged_logging.rb:68:in `block in tagged'
  activesupport (4.0.5) lib/active_support/tagged_logging.rb:26:in `tagged'
  activesupport (4.0.5) lib/active_support/tagged_logging.rb:68:in `tagged'
  railties (4.0.5) lib/rails/rack/logger.rb:20:in `call'
  actionpack (4.0.5) lib/action_dispatch/middleware/request_id.rb:21:in `call'
  rack (1.5.2) lib/rack/methodoverride.rb:21:in `call'
  rack (1.5.2) lib/rack/runtime.rb:17:in `call'
  activesupport (4.0.5) lib/active_support/cache/strategy/local_cache.rb:83:in `call'
  rack (1.5.2) lib/rack/lock.rb:17:in `call'
  actionpack (4.0.5) lib/action_dispatch/middleware/static.rb:64:in `call'
  rack (1.5.2) lib/rack/sendfile.rb:112:in `call'
  railties (4.0.5) lib/rails/engine.rb:511:in `call'
  railties (4.0.5) lib/rails/application.rb:97:in `call'
  rack (1.5.2) lib/rack/lock.rb:17:in `call'
  rack (1.5.2) lib/rack/content_length.rb:14:in `call'
  rack (1.5.2) lib/rack/handler/webrick.rb:60:in `service'
  /Users/andrewvida/.rbenv/versions/2.1.1/lib/ruby/2.1.0/webrick/httpserver.rb:138:in `service'
  /Users/andrewvida/.rbenv/versions/2.1.1/lib/ruby/2.1.0/webrick/httpserver.rb:94:in `run'
  /Users/andrewvida/.rbenv/versions/2.1.1/lib/ruby/2.1.0/webrick/server.rb:295:in `block in start_thread'


  Rendered /Users/andrewvida/.rbenv/versions/2.1.1/lib/ruby/gems/2.1.0/gems/actionpack-4.0.5/lib/action_dispatch/middleware/templates/rescues/_trace.erb (2.0ms)
  Rendered /Users/andrewvida/.rbenv/versions/2.1.1/lib/ruby/gems/2.1.0/gems/actionpack-4.0.5/lib/action_dispatch/middleware/templates/routes/_route.html.erb (1.4ms)
  Rendered /Users/andrewvida/.rbenv/versions/2.1.1/lib/ruby/gems/2.1.0/gems/actionpack-4.0.5/lib/action_dispatch/middleware/templates/routes/_table.html.erb (2.2ms)
  Rendered /Users/andrewvida/.rbenv/versions/2.1.1/lib/ruby/gems/2.1.0/gems/actionpack-4.0.5/lib/action_dispatch/middleware/templates/rescues/routing_error.erb within rescues/layout (29.7ms)


Started GET "/webfonts/CORVETTE.TTF" for 127.0.0.1 at 2014-10-15 10:08:46 -0400

ActionController::RoutingError (No route matches [GET] "/webfonts/CORVETTE.TTF"):
  actionpack (4.0.5) lib/action_dispatch/middleware/debug_exceptions.rb:21:in `call'
  actionpack (4.0.5) lib/action_dispatch/middleware/show_exceptions.rb:30:in `call'
  railties (4.0.5) lib/rails/rack/logger.rb:38:in `call_app'
  railties (4.0.5) lib/rails/rack/logger.rb:20:in `block in call'
  activesupport (4.0.5) lib/active_support/tagged_logging.rb:68:in `block in tagged'
  activesupport (4.0.5) lib/active_support/tagged_logging.rb:26:in `tagged'
  activesupport (4.0.5) lib/active_support/tagged_logging.rb:68:in `tagged'
  railties (4.0.5) lib/rails/rack/logger.rb:20:in `call'
  actionpack (4.0.5) lib/action_dispatch/middleware/request_id.rb:21:in `call'
  rack (1.5.2) lib/rack/methodoverride.rb:21:in `call'
  rack (1.5.2) lib/rack/runtime.rb:17:in `call'
  activesupport (4.0.5) lib/active_support/cache/strategy/local_cache.rb:83:in `call'
  rack (1.5.2) lib/rack/lock.rb:17:in `call'
  actionpack (4.0.5) lib/action_dispatch/middleware/static.rb:64:in `call'
  rack (1.5.2) lib/rack/sendfile.rb:112:in `call'
  railties (4.0.5) lib/rails/engine.rb:511:in `call'
  railties (4.0.5) lib/rails/application.rb:97:in `call'
  rack (1.5.2) lib/rack/lock.rb:17:in `call'
  rack (1.5.2) lib/rack/content_length.rb:14:in `call'
  rack (1.5.2) lib/rack/handler/webrick.rb:60:in `service'
  /Users/andrewvida/.rbenv/versions/2.1.1/lib/ruby/2.1.0/webrick/httpserver.rb:138:in `service'
  /Users/andrewvida/.rbenv/versions/2.1.1/lib/ruby/2.1.0/webrick/httpserver.rb:94:in `run'
  /Users/andrewvida/.rbenv/versions/2.1.1/lib/ruby/2.1.0/webrick/server.rb:295:in `block in start_thread'


  Rendered /Users/andrewvida/.rbenv/versions/2.1.1/lib/ruby/gems/2.1.0/gems/actionpack-4.0.5/lib/action_dispatch/middleware/templates/rescues/_trace.erb (6.0ms)
  Rendered /Users/andrewvida/.rbenv/versions/2.1.1/lib/ruby/gems/2.1.0/gems/actionpack-4.0.5/lib/action_dispatch/middleware/templates/routes/_route.html.erb (1.4ms)
  Rendered /Users/andrewvida/.rbenv/versions/2.1.1/lib/ruby/gems/2.1.0/gems/actionpack-4.0.5/lib/action_dispatch/middleware/templates/routes/_table.html.erb (2.3ms)
  Rendered /Users/andrewvida/.rbenv/versions/2.1.1/lib/ruby/gems/2.1.0/gems/actionpack-4.0.5/lib/action_dispatch/middleware/templates/rescues/routing_error.erb within rescues/layout (33.8ms)


Started GET "/" for 127.0.0.1 at 2014-10-15 10:33:29 -0400
Processing by HomeController#index as HTML
  Rendered home/index.html.erb within layouts/application (0.1ms)
Completed 200 OK in 34ms (Views: 33.4ms | ActiveRecord: 0.0ms)


Started GET "/assets/application.css?body=1" for 127.0.0.1 at 2014-10-15 10:33:29 -0400


Started GET "/js/app.js" for 127.0.0.1 at 2014-10-15 10:33:29 -0400

ActionController::RoutingError (No route matches [GET] "/js/app.js"):
  actionpack (4.0.5) lib/action_dispatch/middleware/debug_exceptions.rb:21:in `call'
  actionpack (4.0.5) lib/action_dispatch/middleware/show_exceptions.rb:30:in `call'
  railties (4.0.5) lib/rails/rack/logger.rb:38:in `call_app'
  railties (4.0.5) lib/rails/rack/logger.rb:20:in `block in call'
  activesupport (4.0.5) lib/active_support/tagged_logging.rb:68:in `block in tagged'
  activesupport (4.0.5) lib/active_support/tagged_logging.rb:26:in `tagged'
  activesupport (4.0.5) lib/active_support/tagged_logging.rb:68:in `tagged'
  railties (4.0.5) lib/rails/rack/logger.rb:20:in `call'
  actionpack (4.0.5) lib/action_dispatch/middleware/request_id.rb:21:in `call'
  rack (1.5.2) lib/rack/methodoverride.rb:21:in `call'
  rack (1.5.2) lib/rack/runtime.rb:17:in `call'
  activesupport (4.0.5) lib/active_support/cache/strategy/local_cache.rb:83:in `call'
  rack (1.5.2) lib/rack/lock.rb:17:in `call'
  actionpack (4.0.5) lib/action_dispatch/middleware/static.rb:64:in `call'
  rack (1.5.2) lib/rack/sendfile.rb:112:in `call'
  railties (4.0.5) lib/rails/engine.rb:511:in `call'
  railties (4.0.5) lib/rails/application.rb:97:in `call'
  rack (1.5.2) lib/rack/lock.rb:17:in `call'
  rack (1.5.2) lib/rack/content_length.rb:14:in `call'
  rack (1.5.2) lib/rack/handler/webrick.rb:60:in `service'
  /Users/andrewvida/.rbenv/versions/2.1.1/lib/ruby/2.1.0/webrick/httpserver.rb:138:in `service'
  /Users/andrewvida/.rbenv/versions/2.1.1/lib/ruby/2.1.0/webrick/httpserver.rb:94:in `run'
  /Users/andrewvida/.rbenv/versions/2.1.1/lib/ruby/2.1.0/webrick/server.rb:295:in `block in start_thread'


  Rendered /Users/andrewvida/.rbenv/versions/2.1.1/lib/ruby/gems/2.1.0/gems/actionpack-4.0.5/lib/action_dispatch/middleware/templates/rescues/_trace.erb (1.3ms)
  Rendered /Users/andrewvida/.rbenv/versions/2.1.1/lib/ruby/gems/2.1.0/gems/actionpack-4.0.5/lib/action_dispatch/middleware/templates/routes/_route.html.erb (0.8ms)
  Rendered /Users/andrewvida/.rbenv/versions/2.1.1/lib/ruby/gems/2.1.0/gems/actionpack-4.0.5/lib/action_dispatch/middleware/templates/routes/_table.html.erb (1.1ms)
  Rendered /Users/andrewvida/.rbenv/versions/2.1.1/lib/ruby/gems/2.1.0/gems/actionpack-4.0.5/lib/action_dispatch/middleware/templates/rescues/routing_error.erb within rescues/layout (17.5ms)


Started GET "/assets/turbolinks.js?body=1" for 127.0.0.1 at 2014-10-15 10:33:29 -0400


Started GET "/assets/home.css?body=1" for 127.0.0.1 at 2014-10-15 10:33:29 -0400


Started GET "/assets/jquery_ujs.js?body=1" for 127.0.0.1 at 2014-10-15 10:33:29 -0400


Started GET "/assets/jquery.js?body=1" for 127.0.0.1 at 2014-10-15 10:33:29 -0400


Started GET "/css/app.css" for 127.0.0.1 at 2014-10-15 10:33:29 -0400

ActionController::RoutingError (No route matches [GET] "/css/app.css"):
  actionpack (4.0.5) lib/action_dispatch/middleware/debug_exceptions.rb:21:in `call'
  actionpack (4.0.5) lib/action_dispatch/middleware/show_exceptions.rb:30:in `call'
  railties (4.0.5) lib/rails/rack/logger.rb:38:in `call_app'
  railties (4.0.5) lib/rails/rack/logger.rb:20:in `block in call'
  activesupport (4.0.5) lib/active_support/tagged_logging.rb:68:in `block in tagged'
  activesupport (4.0.5) lib/active_support/tagged_logging.rb:26:in `tagged'
  activesupport (4.0.5) lib/active_support/tagged_logging.rb:68:in `tagged'
  railties (4.0.5) lib/rails/rack/logger.rb:20:in `call'
  actionpack (4.0.5) lib/action_dispatch/middleware/request_id.rb:21:in `call'
  rack (1.5.2) lib/rack/methodoverride.rb:21:in `call'
  rack (1.5.2) lib/rack/runtime.rb:17:in `call'
  activesupport (4.0.5) lib/active_support/cache/strategy/local_cache.rb:83:in `call'
  rack (1.5.2) lib/rack/lock.rb:17:in `call'
  actionpack (4.0.5) lib/action_dispatch/middleware/static.rb:64:in `call'
  rack (1.5.2) lib/rack/sendfile.rb:112:in `call'
  railties (4.0.5) lib/rails/engine.rb:511:in `call'
  railties (4.0.5) lib/rails/application.rb:97:in `call'
  rack (1.5.2) lib/rack/lock.rb:17:in `call'
  rack (1.5.2) lib/rack/content_length.rb:14:in `call'
  rack (1.5.2) lib/rack/handler/webrick.rb:60:in `service'
  /Users/andrewvida/.rbenv/versions/2.1.1/lib/ruby/2.1.0/webrick/httpserver.rb:138:in `service'
  /Users/andrewvida/.rbenv/versions/2.1.1/lib/ruby/2.1.0/webrick/httpserver.rb:94:in `run'
  /Users/andrewvida/.rbenv/versions/2.1.1/lib/ruby/2.1.0/webrick/server.rb:295:in `block in start_thread'


  Rendered /Users/andrewvida/.rbenv/versions/2.1.1/lib/ruby/gems/2.1.0/gems/actionpack-4.0.5/lib/action_dispatch/middleware/templates/rescues/_trace.erb (2.1ms)
  Rendered /Users/andrewvida/.rbenv/versions/2.1.1/lib/ruby/gems/2.1.0/gems/actionpack-4.0.5/lib/action_dispatch/middleware/templates/routes/_route.html.erb (1.4ms)
  Rendered /Users/andrewvida/.rbenv/versions/2.1.1/lib/ruby/gems/2.1.0/gems/actionpack-4.0.5/lib/action_dispatch/middleware/templates/routes/_table.html.erb (2.6ms)
  Rendered /Users/andrewvida/.rbenv/versions/2.1.1/lib/ruby/gems/2.1.0/gems/actionpack-4.0.5/lib/action_dispatch/middleware/templates/rescues/routing_error.erb within rescues/layout (24.3ms)


Started GET "/assets/application.js?body=1" for 127.0.0.1 at 2014-10-15 10:33:29 -0400


Started GET "/assets/fonts/CORVETTE.TTF" for 127.0.0.1 at 2014-10-15 10:33:29 -0400

ActionController::RoutingError (No route matches [GET] "/assets/fonts/CORVETTE.TTF"):
  actionpack (4.0.5) lib/action_dispatch/middleware/debug_exceptions.rb:21:in `call'
  actionpack (4.0.5) lib/action_dispatch/middleware/show_exceptions.rb:30:in `call'
  railties (4.0.5) lib/rails/rack/logger.rb:38:in `call_app'
  railties (4.0.5) lib/rails/rack/logger.rb:20:in `block in call'
  activesupport (4.0.5) lib/active_support/tagged_logging.rb:68:in `block in tagged'
  activesupport (4.0.5) lib/active_support/tagged_logging.rb:26:in `tagged'
  activesupport (4.0.5) lib/active_support/tagged_logging.rb:68:in `tagged'
  railties (4.0.5) lib/rails/rack/logger.rb:20:in `call'
  actionpack (4.0.5) lib/action_dispatch/middleware/request_id.rb:21:in `call'
  rack (1.5.2) lib/rack/methodoverride.rb:21:in `call'
  rack (1.5.2) lib/rack/runtime.rb:17:in `call'
  activesupport (4.0.5) lib/active_support/cache/strategy/local_cache.rb:83:in `call'
  rack (1.5.2) lib/rack/lock.rb:17:in `call'
  actionpack (4.0.5) lib/action_dispatch/middleware/static.rb:64:in `call'
  rack (1.5.2) lib/rack/sendfile.rb:112:in `call'
  railties (4.0.5) lib/rails/engine.rb:511:in `call'
  railties (4.0.5) lib/rails/application.rb:97:in `call'
  rack (1.5.2) lib/rack/lock.rb:17:in `call'
  rack (1.5.2) lib/rack/content_length.rb:14:in `call'
  rack (1.5.2) lib/rack/handler/webrick.rb:60:in `service'
  /Users/andrewvida/.rbenv/versions/2.1.1/lib/ruby/2.1.0/webrick/httpserver.rb:138:in `service'
  /Users/andrewvida/.rbenv/versions/2.1.1/lib/ruby/2.1.0/webrick/httpserver.rb:94:in `run'
  /Users/andrewvida/.rbenv/versions/2.1.1/lib/ruby/2.1.0/webrick/server.rb:295:in `block in start_thread'


  Rendered /Users/andrewvida/.rbenv/versions/2.1.1/lib/ruby/gems/2.1.0/gems/actionpack-4.0.5/lib/action_dispatch/middleware/templates/rescues/_trace.erb (1.7ms)
  Rendered /Users/andrewvida/.rbenv/versions/2.1.1/lib/ruby/gems/2.1.0/gems/actionpack-4.0.5/lib/action_dispatch/middleware/templates/routes/_route.html.erb (1.1ms)
  Rendered /Users/andrewvida/.rbenv/versions/2.1.1/lib/ruby/gems/2.1.0/gems/actionpack-4.0.5/lib/action_dispatch/middleware/templates/routes/_table.html.erb (2.9ms)
  Rendered /Users/andrewvida/.rbenv/versions/2.1.1/lib/ruby/gems/2.1.0/gems/actionpack-4.0.5/lib/action_dispatch/middleware/templates/rescues/routing_error.erb within rescues/layout (24.1ms)


Started GET "/img/generations.jpg" for 127.0.0.1 at 2014-10-15 10:33:30 -0400

ActionController::RoutingError (No route matches [GET] "/img/generations.jpg"):
  actionpack (4.0.5) lib/action_dispatch/middleware/debug_exceptions.rb:21:in `call'
  actionpack (4.0.5) lib/action_dispatch/middleware/show_exceptions.rb:30:in `call'
  railties (4.0.5) lib/rails/rack/logger.rb:38:in `call_app'
  railties (4.0.5) lib/rails/rack/logger.rb:20:in `block in call'
  activesupport (4.0.5) lib/active_support/tagged_logging.rb:68:in `block in tagged'
  activesupport (4.0.5) lib/active_support/tagged_logging.rb:26:in `tagged'
  activesupport (4.0.5) lib/active_support/tagged_logging.rb:68:in `tagged'
  railties (4.0.5) lib/rails/rack/logger.rb:20:in `call'
  actionpack (4.0.5) lib/action_dispatch/middleware/request_id.rb:21:in `call'
  rack (1.5.2) lib/rack/methodoverride.rb:21:in `call'
  rack (1.5.2) lib/rack/runtime.rb:17:in `call'
  activesupport (4.0.5) lib/active_support/cache/strategy/local_cache.rb:83:in `call'
  rack (1.5.2) lib/rack/lock.rb:17:in `call'
  actionpack (4.0.5) lib/action_dispatch/middleware/static.rb:64:in `call'
  rack (1.5.2) lib/rack/sendfile.rb:112:in `call'
  railties (4.0.5) lib/rails/engine.rb:511:in `call'
  railties (4.0.5) lib/rails/application.rb:97:in `call'
  rack (1.5.2) lib/rack/lock.rb:17:in `call'
  rack (1.5.2) lib/rack/content_length.rb:14:in `call'
  rack (1.5.2) lib/rack/handler/webrick.rb:60:in `service'
  /Users/andrewvida/.rbenv/versions/2.1.1/lib/ruby/2.1.0/webrick/httpserver.rb:138:in `service'
  /Users/andrewvida/.rbenv/versions/2.1.1/lib/ruby/2.1.0/webrick/httpserver.rb:94:in `run'
  /Users/andrewvida/.rbenv/versions/2.1.1/lib/ruby/2.1.0/webrick/server.rb:295:in `block in start_thread'


  Rendered /Users/andrewvida/.rbenv/versions/2.1.1/lib/ruby/gems/2.1.0/gems/actionpack-4.0.5/lib/action_dispatch/middleware/templates/rescues/_trace.erb (1.8ms)
  Rendered /Users/andrewvida/.rbenv/versions/2.1.1/lib/ruby/gems/2.1.0/gems/actionpack-4.0.5/lib/action_dispatch/middleware/templates/routes/_route.html.erb (1.6ms)
  Rendered /Users/andrewvida/.rbenv/versions/2.1.1/lib/ruby/gems/2.1.0/gems/actionpack-4.0.5/lib/action_dispatch/middleware/templates/routes/_table.html.erb (1.2ms)
  Rendered /Users/andrewvida/.rbenv/versions/2.1.1/lib/ruby/gems/2.1.0/gems/actionpack-4.0.5/lib/action_dispatch/middleware/templates/rescues/routing_error.erb within rescues/layout (21.5ms)


Started GET "/assets/fonts/sourcesanspro-regular-webfont.ttf" for 127.0.0.1 at 2014-10-15 10:33:30 -0400

ActionController::RoutingError (No route matches [GET] "/assets/fonts/sourcesanspro-regular-webfont.ttf"):
  actionpack (4.0.5) lib/action_dispatch/middleware/debug_exceptions.rb:21:in `call'
  actionpack (4.0.5) lib/action_dispatch/middleware/show_exceptions.rb:30:in `call'
  railties (4.0.5) lib/rails/rack/logger.rb:38:in `call_app'
  railties (4.0.5) lib/rails/rack/logger.rb:20:in `block in call'
  activesupport (4.0.5) lib/active_support/tagged_logging.rb:68:in `block in tagged'
  activesupport (4.0.5) lib/active_support/tagged_logging.rb:26:in `tagged'
  activesupport (4.0.5) lib/active_support/tagged_logging.rb:68:in `tagged'
  railties (4.0.5) lib/rails/rack/logger.rb:20:in `call'
  actionpack (4.0.5) lib/action_dispatch/middleware/request_id.rb:21:in `call'
  rack (1.5.2) lib/rack/methodoverride.rb:21:in `call'
  rack (1.5.2) lib/rack/runtime.rb:17:in `call'
  activesupport (4.0.5) lib/active_support/cache/strategy/local_cache.rb:83:in `call'
  rack (1.5.2) lib/rack/lock.rb:17:in `call'
  actionpack (4.0.5) lib/action_dispatch/middleware/static.rb:64:in `call'
  rack (1.5.2) lib/rack/sendfile.rb:112:in `call'
  railties (4.0.5) lib/rails/engine.rb:511:in `call'
  railties (4.0.5) lib/rails/application.rb:97:in `call'
  rack (1.5.2) lib/rack/lock.rb:17:in `call'
  rack (1.5.2) lib/rack/content_length.rb:14:in `call'
  rack (1.5.2) lib/rack/handler/webrick.rb:60:in `service'
  /Users/andrewvida/.rbenv/versions/2.1.1/lib/ruby/2.1.0/webrick/httpserver.rb:138:in `service'
  /Users/andrewvida/.rbenv/versions/2.1.1/lib/ruby/2.1.0/webrick/httpserver.rb:94:in `run'
  /Users/andrewvida/.rbenv/versions/2.1.1/lib/ruby/2.1.0/webrick/server.rb:295:in `block in start_thread'


  Rendered /Users/andrewvida/.rbenv/versions/2.1.1/lib/ruby/gems/2.1.0/gems/actionpack-4.0.5/lib/action_dispatch/middleware/templates/rescues/_trace.erb (1.2ms)
  Rendered /Users/andrewvida/.rbenv/versions/2.1.1/lib/ruby/gems/2.1.0/gems/actionpack-4.0.5/lib/action_dispatch/middleware/templates/routes/_route.html.erb (1.0ms)
  Rendered /Users/andrewvida/.rbenv/versions/2.1.1/lib/ruby/gems/2.1.0/gems/actionpack-4.0.5/lib/action_dispatch/middleware/templates/routes/_table.html.erb (1.3ms)
  Rendered /Users/andrewvida/.rbenv/versions/2.1.1/lib/ruby/gems/2.1.0/gems/actionpack-4.0.5/lib/action_dispatch/middleware/templates/rescues/routing_error.erb within rescues/layout (17.4ms)


Started GET "/" for 127.0.0.1 at 2014-10-15 10:33:30 -0400
Processing by HomeController#index as HTML
  Rendered home/index.html.erb within layouts/application (0.1ms)
Completed 200 OK in 6ms (Views: 5.2ms | ActiveRecord: 0.0ms)


Started GET "/assets/application.css?body=1" for 127.0.0.1 at 2014-10-15 10:33:30 -0400


Started GET "/assets/home.css?body=1" for 127.0.0.1 at 2014-10-15 10:33:30 -0400


Started GET "/assets/jquery_ujs.js?body=1" for 127.0.0.1 at 2014-10-15 10:33:30 -0400


Started GET "/css/app.css" for 127.0.0.1 at 2014-10-15 10:33:30 -0400

ActionController::RoutingError (No route matches [GET] "/css/app.css"):
  actionpack (4.0.5) lib/action_dispatch/middleware/debug_exceptions.rb:21:in `call'
  actionpack (4.0.5) lib/action_dispatch/middleware/show_exceptions.rb:30:in `call'
  railties (4.0.5) lib/rails/rack/logger.rb:38:in `call_app'
  railties (4.0.5) lib/rails/rack/logger.rb:20:in `block in call'
  activesupport (4.0.5) lib/active_support/tagged_logging.rb:68:in `block in tagged'
  activesupport (4.0.5) lib/active_support/tagged_logging.rb:26:in `tagged'
  activesupport (4.0.5) lib/active_support/tagged_logging.rb:68:in `tagged'
  railties (4.0.5) lib/rails/rack/logger.rb:20:in `call'
  actionpack (4.0.5) lib/action_dispatch/middleware/request_id.rb:21:in `call'
  rack (1.5.2) lib/rack/methodoverride.rb:21:in `call'
  rack (1.5.2) lib/rack/runtime.rb:17:in `call'
  activesupport (4.0.5) lib/active_support/cache/strategy/local_cache.rb:83:in `call'
  rack (1.5.2) lib/rack/lock.rb:17:in `call'
  actionpack (4.0.5) lib/action_dispatch/middleware/static.rb:64:in `call'
  rack (1.5.2) lib/rack/sendfile.rb:112:in `call'
  railties (4.0.5) lib/rails/engine.rb:511:in `call'
  railties (4.0.5) lib/rails/application.rb:97:in `call'
  rack (1.5.2) lib/rack/lock.rb:17:in `call'
  rack (1.5.2) lib/rack/content_length.rb:14:in `call'
  rack (1.5.2) lib/rack/handler/webrick.rb:60:in `service'
  /Users/andrewvida/.rbenv/versions/2.1.1/lib/ruby/2.1.0/webrick/httpserver.rb:138:in `service'
  /Users/andrewvida/.rbenv/versions/2.1.1/lib/ruby/2.1.0/webrick/httpserver.rb:94:in `run'
  /Users/andrewvida/.rbenv/versions/2.1.1/lib/ruby/2.1.0/webrick/server.rb:295:in `block in start_thread'


  Rendered /Users/andrewvida/.rbenv/versions/2.1.1/lib/ruby/gems/2.1.0/gems/actionpack-4.0.5/lib/action_dispatch/middleware/templates/rescues/_trace.erb (2.4ms)
  Rendered /Users/andrewvida/.rbenv/versions/2.1.1/lib/ruby/gems/2.1.0/gems/actionpack-4.0.5/lib/action_dispatch/middleware/templates/routes/_route.html.erb (0.9ms)
  Rendered /Users/andrewvida/.rbenv/versions/2.1.1/lib/ruby/gems/2.1.0/gems/actionpack-4.0.5/lib/action_dispatch/middleware/templates/routes/_table.html.erb (5.7ms)
  Rendered /Users/andrewvida/.rbenv/versions/2.1.1/lib/ruby/gems/2.1.0/gems/actionpack-4.0.5/lib/action_dispatch/middleware/templates/rescues/routing_error.erb within rescues/layout (24.1ms)


Started GET "/assets/jquery.js?body=1" for 127.0.0.1 at 2014-10-15 10:33:30 -0400


Started GET "/assets/application.js?body=1" for 127.0.0.1 at 2014-10-15 10:33:30 -0400


Started GET "/assets/turbolinks.js?body=1" for 127.0.0.1 at 2014-10-15 10:33:30 -0400


Started GET "/js/app.js" for 127.0.0.1 at 2014-10-15 10:33:30 -0400

ActionController::RoutingError (No route matches [GET] "/js/app.js"):
  actionpack (4.0.5) lib/action_dispatch/middleware/debug_exceptions.rb:21:in `call'
  actionpack (4.0.5) lib/action_dispatch/middleware/show_exceptions.rb:30:in `call'
  railties (4.0.5) lib/rails/rack/logger.rb:38:in `call_app'
  railties (4.0.5) lib/rails/rack/logger.rb:20:in `block in call'
  activesupport (4.0.5) lib/active_support/tagged_logging.rb:68:in `block in tagged'
  activesupport (4.0.5) lib/active_support/tagged_logging.rb:26:in `tagged'
  activesupport (4.0.5) lib/active_support/tagged_logging.rb:68:in `tagged'
  railties (4.0.5) lib/rails/rack/logger.rb:20:in `call'
  actionpack (4.0.5) lib/action_dispatch/middleware/request_id.rb:21:in `call'
  rack (1.5.2) lib/rack/methodoverride.rb:21:in `call'
  rack (1.5.2) lib/rack/runtime.rb:17:in `call'
  activesupport (4.0.5) lib/active_support/cache/strategy/local_cache.rb:83:in `call'
  rack (1.5.2) lib/rack/lock.rb:17:in `call'
  actionpack (4.0.5) lib/action_dispatch/middleware/static.rb:64:in `call'
  rack (1.5.2) lib/rack/sendfile.rb:112:in `call'
  railties (4.0.5) lib/rails/engine.rb:511:in `call'
  railties (4.0.5) lib/rails/application.rb:97:in `call'
  rack (1.5.2) lib/rack/lock.rb:17:in `call'
  rack (1.5.2) lib/rack/content_length.rb:14:in `call'
  rack (1.5.2) lib/rack/handler/webrick.rb:60:in `service'
  /Users/andrewvida/.rbenv/versions/2.1.1/lib/ruby/2.1.0/webrick/httpserver.rb:138:in `service'
  /Users/andrewvida/.rbenv/versions/2.1.1/lib/ruby/2.1.0/webrick/httpserver.rb:94:in `run'
  /Users/andrewvida/.rbenv/versions/2.1.1/lib/ruby/2.1.0/webrick/server.rb:295:in `block in start_thread'


  Rendered /Users/andrewvida/.rbenv/versions/2.1.1/lib/ruby/gems/2.1.0/gems/actionpack-4.0.5/lib/action_dispatch/middleware/templates/rescues/_trace.erb (2.0ms)
  Rendered /Users/andrewvida/.rbenv/versions/2.1.1/lib/ruby/gems/2.1.0/gems/actionpack-4.0.5/lib/action_dispatch/middleware/templates/routes/_route.html.erb (4.1ms)
  Rendered /Users/andrewvida/.rbenv/versions/2.1.1/lib/ruby/gems/2.1.0/gems/actionpack-4.0.5/lib/action_dispatch/middleware/templates/routes/_table.html.erb (1.3ms)
  Rendered /Users/andrewvida/.rbenv/versions/2.1.1/lib/ruby/gems/2.1.0/gems/actionpack-4.0.5/lib/action_dispatch/middleware/templates/rescues/routing_error.erb within rescues/layout (30.5ms)


Started GET "/home/index" for 127.0.0.1 at 2014-10-15 10:33:35 -0400

ActionController::RoutingError (No route matches [GET] "/home/index"):
  actionpack (4.0.5) lib/action_dispatch/middleware/debug_exceptions.rb:21:in `call'
  actionpack (4.0.5) lib/action_dispatch/middleware/show_exceptions.rb:30:in `call'
  railties (4.0.5) lib/rails/rack/logger.rb:38:in `call_app'
  railties (4.0.5) lib/rails/rack/logger.rb:20:in `block in call'
  activesupport (4.0.5) lib/active_support/tagged_logging.rb:68:in `block in tagged'
  activesupport (4.0.5) lib/active_support/tagged_logging.rb:26:in `tagged'
  activesupport (4.0.5) lib/active_support/tagged_logging.rb:68:in `tagged'
  railties (4.0.5) lib/rails/rack/logger.rb:20:in `call'
  actionpack (4.0.5) lib/action_dispatch/middleware/request_id.rb:21:in `call'
  rack (1.5.2) lib/rack/methodoverride.rb:21:in `call'
  rack (1.5.2) lib/rack/runtime.rb:17:in `call'
  activesupport (4.0.5) lib/active_support/cache/strategy/local_cache.rb:83:in `call'
  rack (1.5.2) lib/rack/lock.rb:17:in `call'
  actionpack (4.0.5) lib/action_dispatch/middleware/static.rb:64:in `call'
  rack (1.5.2) lib/rack/sendfile.rb:112:in `call'
  railties (4.0.5) lib/rails/engine.rb:511:in `call'
  railties (4.0.5) lib/rails/application.rb:97:in `call'
  rack (1.5.2) lib/rack/lock.rb:17:in `call'
  rack (1.5.2) lib/rack/content_length.rb:14:in `call'
  rack (1.5.2) lib/rack/handler/webrick.rb:60:in `service'
  /Users/andrewvida/.rbenv/versions/2.1.1/lib/ruby/2.1.0/webrick/httpserver.rb:138:in `service'
  /Users/andrewvida/.rbenv/versions/2.1.1/lib/ruby/2.1.0/webrick/httpserver.rb:94:in `run'
  /Users/andrewvida/.rbenv/versions/2.1.1/lib/ruby/2.1.0/webrick/server.rb:295:in `block in start_thread'


  Rendered /Users/andrewvida/.rbenv/versions/2.1.1/lib/ruby/gems/2.1.0/gems/actionpack-4.0.5/lib/action_dispatch/middleware/templates/rescues/_trace.erb (1.3ms)
  Rendered /Users/andrewvida/.rbenv/versions/2.1.1/lib/ruby/gems/2.1.0/gems/actionpack-4.0.5/lib/action_dispatch/middleware/templates/routes/_route.html.erb (0.7ms)
  Rendered /Users/andrewvida/.rbenv/versions/2.1.1/lib/ruby/gems/2.1.0/gems/actionpack-4.0.5/lib/action_dispatch/middleware/templates/routes/_table.html.erb (1.2ms)
  Rendered /Users/andrewvida/.rbenv/versions/2.1.1/lib/ruby/gems/2.1.0/gems/actionpack-4.0.5/lib/action_dispatch/middleware/templates/rescues/routing_error.erb within rescues/layout (20.0ms)


Started GET "/" for 127.0.0.1 at 2014-10-15 10:33:47 -0400
Processing by HomeController#index as HTML
  Rendered home/index.html.erb within layouts/application (0.1ms)
Completed 200 OK in 7ms (Views: 6.6ms | ActiveRecord: 0.0ms)


Started GET "/css/app.css" for 127.0.0.1 at 2014-10-15 10:33:47 -0400

ActionController::RoutingError (No route matches [GET] "/css/app.css"):
  actionpack (4.0.5) lib/action_dispatch/middleware/debug_exceptions.rb:21:in `call'
  actionpack (4.0.5) lib/action_dispatch/middleware/show_exceptions.rb:30:in `call'
  railties (4.0.5) lib/rails/rack/logger.rb:38:in `call_app'
  railties (4.0.5) lib/rails/rack/logger.rb:20:in `block in call'
  activesupport (4.0.5) lib/active_support/tagged_logging.rb:68:in `block in tagged'
  activesupport (4.0.5) lib/active_support/tagged_logging.rb:26:in `tagged'
  activesupport (4.0.5) lib/active_support/tagged_logging.rb:68:in `tagged'
  railties (4.0.5) lib/rails/rack/logger.rb:20:in `call'
  actionpack (4.0.5) lib/action_dispatch/middleware/request_id.rb:21:in `call'
  rack (1.5.2) lib/rack/methodoverride.rb:21:in `call'
  rack (1.5.2) lib/rack/runtime.rb:17:in `call'
  activesupport (4.0.5) lib/active_support/cache/strategy/local_cache.rb:83:in `call'
  rack (1.5.2) lib/rack/lock.rb:17:in `call'
  actionpack (4.0.5) lib/action_dispatch/middleware/static.rb:64:in `call'
  rack (1.5.2) lib/rack/sendfile.rb:112:in `call'
  railties (4.0.5) lib/rails/engine.rb:511:in `call'
  railties (4.0.5) lib/rails/application.rb:97:in `call'
  rack (1.5.2) lib/rack/lock.rb:17:in `call'
  rack (1.5.2) lib/rack/content_length.rb:14:in `call'
  rack (1.5.2) lib/rack/handler/webrick.rb:60:in `service'
  /Users/andrewvida/.rbenv/versions/2.1.1/lib/ruby/2.1.0/webrick/httpserver.rb:138:in `service'
  /Users/andrewvida/.rbenv/versions/2.1.1/lib/ruby/2.1.0/webrick/httpserver.rb:94:in `run'
  /Users/andrewvida/.rbenv/versions/2.1.1/lib/ruby/2.1.0/webrick/server.rb:295:in `block in start_thread'


  Rendered /Users/andrewvida/.rbenv/versions/2.1.1/lib/ruby/gems/2.1.0/gems/actionpack-4.0.5/lib/action_dispatch/middleware/templates/rescues/_trace.erb (1.1ms)
  Rendered /Users/andrewvida/.rbenv/versions/2.1.1/lib/ruby/gems/2.1.0/gems/actionpack-4.0.5/lib/action_dispatch/middleware/templates/routes/_route.html.erb (0.8ms)
  Rendered /Users/andrewvida/.rbenv/versions/2.1.1/lib/ruby/gems/2.1.0/gems/actionpack-4.0.5/lib/action_dispatch/middleware/templates/routes/_table.html.erb (1.3ms)
  Rendered /Users/andrewvida/.rbenv/versions/2.1.1/lib/ruby/gems/2.1.0/gems/actionpack-4.0.5/lib/action_dispatch/middleware/templates/rescues/routing_error.erb within rescues/layout (16.3ms)


Started GET "/assets/application.css?body=1" for 127.0.0.1 at 2014-10-15 10:33:47 -0400


Started GET "/assets/home.css?body=1" for 127.0.0.1 at 2014-10-15 10:33:47 -0400


Started GET "/assets/jquery_ujs.js?body=1" for 127.0.0.1 at 2014-10-15 10:33:47 -0400


Started GET "/assets/turbolinks.js?body=1" for 127.0.0.1 at 2014-10-15 10:33:47 -0400


Started GET "/assets/jquery.js?body=1" for 127.0.0.1 at 2014-10-15 10:33:47 -0400


Started GET "/assets/application.js?body=1" for 127.0.0.1 at 2014-10-15 10:33:47 -0400


Started GET "/js/app.js" for 127.0.0.1 at 2014-10-15 10:33:47 -0400

ActionController::RoutingError (No route matches [GET] "/js/app.js"):
  actionpack (4.0.5) lib/action_dispatch/middleware/debug_exceptions.rb:21:in `call'
  actionpack (4.0.5) lib/action_dispatch/middleware/show_exceptions.rb:30:in `call'
  railties (4.0.5) lib/rails/rack/logger.rb:38:in `call_app'
  railties (4.0.5) lib/rails/rack/logger.rb:20:in `block in call'
  activesupport (4.0.5) lib/active_support/tagged_logging.rb:68:in `block in tagged'
  activesupport (4.0.5) lib/active_support/tagged_logging.rb:26:in `tagged'
  activesupport (4.0.5) lib/active_support/tagged_logging.rb:68:in `tagged'
  railties (4.0.5) lib/rails/rack/logger.rb:20:in `call'
  actionpack (4.0.5) lib/action_dispatch/middleware/request_id.rb:21:in `call'
  rack (1.5.2) lib/rack/methodoverride.rb:21:in `call'
  rack (1.5.2) lib/rack/runtime.rb:17:in `call'
  activesupport (4.0.5) lib/active_support/cache/strategy/local_cache.rb:83:in `call'
  rack (1.5.2) lib/rack/lock.rb:17:in `call'
  actionpack (4.0.5) lib/action_dispatch/middleware/static.rb:64:in `call'
  rack (1.5.2) lib/rack/sendfile.rb:112:in `call'
  railties (4.0.5) lib/rails/engine.rb:511:in `call'
  railties (4.0.5) lib/rails/application.rb:97:in `call'
  rack (1.5.2) lib/rack/lock.rb:17:in `call'
  rack (1.5.2) lib/rack/content_length.rb:14:in `call'
  rack (1.5.2) lib/rack/handler/webrick.rb:60:in `service'
  /Users/andrewvida/.rbenv/versions/2.1.1/lib/ruby/2.1.0/webrick/httpserver.rb:138:in `service'
  /Users/andrewvida/.rbenv/versions/2.1.1/lib/ruby/2.1.0/webrick/httpserver.rb:94:in `run'
  /Users/andrewvida/.rbenv/versions/2.1.1/lib/ruby/2.1.0/webrick/server.rb:295:in `block in start_thread'


  Rendered /Users/andrewvida/.rbenv/versions/2.1.1/lib/ruby/gems/2.1.0/gems/actionpack-4.0.5/lib/action_dispatch/middleware/templates/rescues/_trace.erb (2.0ms)
  Rendered /Users/andrewvida/.rbenv/versions/2.1.1/lib/ruby/gems/2.1.0/gems/actionpack-4.0.5/lib/action_dispatch/middleware/templates/routes/_route.html.erb (1.5ms)
  Rendered /Users/andrewvida/.rbenv/versions/2.1.1/lib/ruby/gems/2.1.0/gems/actionpack-4.0.5/lib/action_dispatch/middleware/templates/routes/_table.html.erb (2.1ms)
  Rendered /Users/andrewvida/.rbenv/versions/2.1.1/lib/ruby/gems/2.1.0/gems/actionpack-4.0.5/lib/action_dispatch/middleware/templates/rescues/routing_error.erb within rescues/layout (25.1ms)


Started GET "/assets/application.css?body=1" for 127.0.0.1 at 2014-10-15 10:33:51 -0400


Started GET "/css/app.css" for 127.0.0.1 at 2014-10-15 10:33:51 -0400

ActionController::RoutingError (No route matches [GET] "/css/app.css"):
  actionpack (4.0.5) lib/action_dispatch/middleware/debug_exceptions.rb:21:in `call'
  actionpack (4.0.5) lib/action_dispatch/middleware/show_exceptions.rb:30:in `call'
  railties (4.0.5) lib/rails/rack/logger.rb:38:in `call_app'
  railties (4.0.5) lib/rails/rack/logger.rb:20:in `block in call'
  activesupport (4.0.5) lib/active_support/tagged_logging.rb:68:in `block in tagged'
  activesupport (4.0.5) lib/active_support/tagged_logging.rb:26:in `tagged'
  activesupport (4.0.5) lib/active_support/tagged_logging.rb:68:in `tagged'
  railties (4.0.5) lib/rails/rack/logger.rb:20:in `call'
  actionpack (4.0.5) lib/action_dispatch/middleware/request_id.rb:21:in `call'
  rack (1.5.2) lib/rack/methodoverride.rb:21:in `call'
  rack (1.5.2) lib/rack/runtime.rb:17:in `call'
  activesupport (4.0.5) lib/active_support/cache/strategy/local_cache.rb:83:in `call'
  rack (1.5.2) lib/rack/lock.rb:17:in `call'
  actionpack (4.0.5) lib/action_dispatch/middleware/static.rb:64:in `call'
  rack (1.5.2) lib/rack/sendfile.rb:112:in `call'
  railties (4.0.5) lib/rails/engine.rb:511:in `call'
  railties (4.0.5) lib/rails/application.rb:97:in `call'
  rack (1.5.2) lib/rack/lock.rb:17:in `call'
  rack (1.5.2) lib/rack/content_length.rb:14:in `call'
  rack (1.5.2) lib/rack/handler/webrick.rb:60:in `service'
  /Users/andrewvida/.rbenv/versions/2.1.1/lib/ruby/2.1.0/webrick/httpserver.rb:138:in `service'
  /Users/andrewvida/.rbenv/versions/2.1.1/lib/ruby/2.1.0/webrick/httpserver.rb:94:in `run'
  /Users/andrewvida/.rbenv/versions/2.1.1/lib/ruby/2.1.0/webrick/server.rb:295:in `block in start_thread'


  Rendered /Users/andrewvida/.rbenv/versions/2.1.1/lib/ruby/gems/2.1.0/gems/actionpack-4.0.5/lib/action_dispatch/middleware/templates/rescues/_trace.erb (1.3ms)
  Rendered /Users/andrewvida/.rbenv/versions/2.1.1/lib/ruby/gems/2.1.0/gems/actionpack-4.0.5/lib/action_dispatch/middleware/templates/routes/_route.html.erb (1.4ms)
  Rendered /Users/andrewvida/.rbenv/versions/2.1.1/lib/ruby/gems/2.1.0/gems/actionpack-4.0.5/lib/action_dispatch/middleware/templates/routes/_table.html.erb (1.8ms)
  Rendered /Users/andrewvida/.rbenv/versions/2.1.1/lib/ruby/gems/2.1.0/gems/actionpack-4.0.5/lib/action_dispatch/middleware/templates/rescues/routing_error.erb within rescues/layout (24.2ms)


Started GET "/assets/home.css?body=1" for 127.0.0.1 at 2014-10-15 10:33:52 -0400


Started GET "/" for 127.0.0.1 at 2014-10-15 10:35:00 -0400
Processing by HomeController#index as HTML
  Rendered home/index.html.erb within layouts/application (0.7ms)
Completed 200 OK in 7ms (Views: 6.4ms | ActiveRecord: 0.0ms)


Started GET "/assets/application.css?body=1" for 127.0.0.1 at 2014-10-15 10:35:00 -0400


Started GET "/assets/turbolinks.js?body=1" for 127.0.0.1 at 2014-10-15 10:35:00 -0400


Started GET "/assets/jquery.js?body=1" for 127.0.0.1 at 2014-10-15 10:35:00 -0400


Started GET "/assets/home.css?body=1" for 127.0.0.1 at 2014-10-15 10:35:00 -0400


Started GET "/assets/application.js?body=1" for 127.0.0.1 at 2014-10-15 10:35:00 -0400


Started GET "/assets/jquery_ujs.js?body=1" for 127.0.0.1 at 2014-10-15 10:35:00 -0400


Started GET "/assets/home.css?body=1" for 127.0.0.1 at 2014-10-15 10:35:43 -0400


Started GET "/assets/application.css?body=1" for 127.0.0.1 at 2014-10-15 10:35:43 -0400


Started GET "/" for 127.0.0.1 at 2014-10-15 10:38:49 -0400
Processing by HomeController#index as HTML
  Rendered home/index.html.erb within layouts/application (0.1ms)
Completed 200 OK in 6ms (Views: 4.8ms | ActiveRecord: 0.0ms)


Started GET "/assets/application.css?body=1" for 127.0.0.1 at 2014-10-15 10:38:49 -0400


Started GET "/assets/jquery_ujs.js?body=1" for 127.0.0.1 at 2014-10-15 10:38:49 -0400


Started GET "/assets/home.css?body=1" for 127.0.0.1 at 2014-10-15 10:38:49 -0400


Started GET "/assets/jquery.js?body=1" for 127.0.0.1 at 2014-10-15 10:38:49 -0400


Started GET "/assets/application.js?body=1" for 127.0.0.1 at 2014-10-15 10:38:49 -0400


Started GET "/assets/turbolinks.js?body=1" for 127.0.0.1 at 2014-10-15 10:38:49 -0400


Started GET "/" for 127.0.0.1 at 2014-10-15 10:38:50 -0400
Processing by HomeController#index as HTML
  Rendered home/index.html.erb within layouts/application (0.1ms)
Completed 200 OK in 4ms (Views: 3.9ms | ActiveRecord: 0.0ms)


Started GET "/assets/application.css?body=1" for 127.0.0.1 at 2014-10-15 10:38:50 -0400


Started GET "/assets/jquery_ujs.js?body=1" for 127.0.0.1 at 2014-10-15 10:38:50 -0400


Started GET "/assets/home.css?body=1" for 127.0.0.1 at 2014-10-15 10:38:50 -0400


Started GET "/assets/turbolinks.js?body=1" for 127.0.0.1 at 2014-10-15 10:38:50 -0400


Started GET "/assets/application.js?body=1" for 127.0.0.1 at 2014-10-15 10:38:50 -0400


Started GET "/assets/jquery.js?body=1" for 127.0.0.1 at 2014-10-15 10:38:50 -0400


Started GET "/" for 127.0.0.1 at 2014-10-15 10:38:51 -0400
Processing by HomeController#index as HTML
  Rendered home/index.html.erb within layouts/application (0.0ms)
Completed 200 OK in 4ms (Views: 3.8ms | ActiveRecord: 0.0ms)


Started GET "/assets/application.css?body=1" for 127.0.0.1 at 2014-10-15 10:38:51 -0400


Started GET "/assets/jquery.js?body=1" for 127.0.0.1 at 2014-10-15 10:38:51 -0400


Started GET "/assets/home.css?body=1" for 127.0.0.1 at 2014-10-15 10:38:51 -0400


Started GET "/assets/application.js?body=1" for 127.0.0.1 at 2014-10-15 10:38:51 -0400


Started GET "/assets/jquery_ujs.js?body=1" for 127.0.0.1 at 2014-10-15 10:38:51 -0400


Started GET "/assets/turbolinks.js?body=1" for 127.0.0.1 at 2014-10-15 10:38:51 -0400


Started GET "/" for 127.0.0.1 at 2014-10-15 10:39:09 -0400
Processing by HomeController#index as HTML
  Rendered home/index.html.erb within layouts/application (1.2ms)
Completed 200 OK in 47ms (Views: 37.4ms | ActiveRecord: 0.0ms)


Started GET "/assets/application.js?body=1" for 127.0.0.1 at 2014-10-15 10:39:10 -0400


Started GET "/assets/application.css?body=1" for 127.0.0.1 at 2014-10-15 10:39:10 -0400


Started GET "/assets/jquery.js?body=1" for 127.0.0.1 at 2014-10-15 10:39:10 -0400


Started GET "/assets/jquery_ujs.js?body=1" for 127.0.0.1 at 2014-10-15 10:39:10 -0400


Started GET "/assets/home.css?body=1" for 127.0.0.1 at 2014-10-15 10:39:10 -0400


Started GET "/assets/turbolinks.js?body=1" for 127.0.0.1 at 2014-10-15 10:39:10 -0400


Started GET "/assets/application.css?body=1" for 127.0.0.1 at 2014-10-15 10:39:13 -0400


Started GET "/assets/home.css?body=1" for 127.0.0.1 at 2014-10-15 10:39:13 -0400


Started GET "/" for 127.0.0.1 at 2014-10-15 10:40:13 -0400
Processing by HomeController#index as HTML
  Rendered home/index.html.erb within layouts/application (0.1ms)
Completed 200 OK in 58ms (Views: 57.4ms | ActiveRecord: 0.0ms)


Started GET "/assets/application.css?body=1" for 127.0.0.1 at 2014-10-15 10:40:13 -0400


Started GET "/assets/jquery_ujs.js?body=1" for 127.0.0.1 at 2014-10-15 10:40:13 -0400


Started GET "/assets/home.css?body=1" for 127.0.0.1 at 2014-10-15 10:40:13 -0400


Started GET "/assets/turbolinks.js?body=1" for 127.0.0.1 at 2014-10-15 10:40:13 -0400


Started GET "/assets/jquery.js?body=1" for 127.0.0.1 at 2014-10-15 10:40:13 -0400


Started GET "/assets/application.js?body=1" for 127.0.0.1 at 2014-10-15 10:40:13 -0400


Started GET "/assets/images/generations.jpg" for 127.0.0.1 at 2014-10-15 10:40:13 -0400

ActionController::RoutingError (No route matches [GET] "/assets/images/generations.jpg"):
  actionpack (4.0.5) lib/action_dispatch/middleware/debug_exceptions.rb:21:in `call'
  actionpack (4.0.5) lib/action_dispatch/middleware/show_exceptions.rb:30:in `call'
  railties (4.0.5) lib/rails/rack/logger.rb:38:in `call_app'
  railties (4.0.5) lib/rails/rack/logger.rb:20:in `block in call'
  activesupport (4.0.5) lib/active_support/tagged_logging.rb:68:in `block in tagged'
  activesupport (4.0.5) lib/active_support/tagged_logging.rb:26:in `tagged'
  activesupport (4.0.5) lib/active_support/tagged_logging.rb:68:in `tagged'
  railties (4.0.5) lib/rails/rack/logger.rb:20:in `call'
  actionpack (4.0.5) lib/action_dispatch/middleware/request_id.rb:21:in `call'
  rack (1.5.2) lib/rack/methodoverride.rb:21:in `call'
  rack (1.5.2) lib/rack/runtime.rb:17:in `call'
  activesupport (4.0.5) lib/active_support/cache/strategy/local_cache.rb:83:in `call'
  rack (1.5.2) lib/rack/lock.rb:17:in `call'
  actionpack (4.0.5) lib/action_dispatch/middleware/static.rb:64:in `call'
  rack (1.5.2) lib/rack/sendfile.rb:112:in `call'
  railties (4.0.5) lib/rails/engine.rb:511:in `call'
  railties (4.0.5) lib/rails/application.rb:97:in `call'
  rack (1.5.2) lib/rack/lock.rb:17:in `call'
  rack (1.5.2) lib/rack/content_length.rb:14:in `call'
  rack (1.5.2) lib/rack/handler/webrick.rb:60:in `service'
  /Users/andrewvida/.rbenv/versions/2.1.1/lib/ruby/2.1.0/webrick/httpserver.rb:138:in `service'
  /Users/andrewvida/.rbenv/versions/2.1.1/lib/ruby/2.1.0/webrick/httpserver.rb:94:in `run'
  /Users/andrewvida/.rbenv/versions/2.1.1/lib/ruby/2.1.0/webrick/server.rb:295:in `block in start_thread'


  Rendered /Users/andrewvida/.rbenv/versions/2.1.1/lib/ruby/gems/2.1.0/gems/actionpack-4.0.5/lib/action_dispatch/middleware/templates/rescues/_trace.erb (1.4ms)
  Rendered /Users/andrewvida/.rbenv/versions/2.1.1/lib/ruby/gems/2.1.0/gems/actionpack-4.0.5/lib/action_dispatch/middleware/templates/routes/_route.html.erb (1.4ms)
  Rendered /Users/andrewvida/.rbenv/versions/2.1.1/lib/ruby/gems/2.1.0/gems/actionpack-4.0.5/lib/action_dispatch/middleware/templates/routes/_table.html.erb (7.7ms)
  Rendered /Users/andrewvida/.rbenv/versions/2.1.1/lib/ruby/gems/2.1.0/gems/actionpack-4.0.5/lib/action_dispatch/middleware/templates/rescues/routing_error.erb within rescues/layout (29.4ms)


Started GET "/assets/fonts/CORVETTE.TTF" for 127.0.0.1 at 2014-10-15 10:40:13 -0400

ActionController::RoutingError (No route matches [GET] "/assets/fonts/CORVETTE.TTF"):
  actionpack (4.0.5) lib/action_dispatch/middleware/debug_exceptions.rb:21:in `call'
  actionpack (4.0.5) lib/action_dispatch/middleware/show_exceptions.rb:30:in `call'
  railties (4.0.5) lib/rails/rack/logger.rb:38:in `call_app'
  railties (4.0.5) lib/rails/rack/logger.rb:20:in `block in call'
  activesupport (4.0.5) lib/active_support/tagged_logging.rb:68:in `block in tagged'
  activesupport (4.0.5) lib/active_support/tagged_logging.rb:26:in `tagged'
  activesupport (4.0.5) lib/active_support/tagged_logging.rb:68:in `tagged'
  railties (4.0.5) lib/rails/rack/logger.rb:20:in `call'
  actionpack (4.0.5) lib/action_dispatch/middleware/request_id.rb:21:in `call'
  rack (1.5.2) lib/rack/methodoverride.rb:21:in `call'
  rack (1.5.2) lib/rack/runtime.rb:17:in `call'
  activesupport (4.0.5) lib/active_support/cache/strategy/local_cache.rb:83:in `call'
  rack (1.5.2) lib/rack/lock.rb:17:in `call'
  actionpack (4.0.5) lib/action_dispatch/middleware/static.rb:64:in `call'
  rack (1.5.2) lib/rack/sendfile.rb:112:in `call'
  railties (4.0.5) lib/rails/engine.rb:511:in `call'
  railties (4.0.5) lib/rails/application.rb:97:in `call'
  rack (1.5.2) lib/rack/lock.rb:17:in `call'
  rack (1.5.2) lib/rack/content_length.rb:14:in `call'
  rack (1.5.2) lib/rack/handler/webrick.rb:60:in `service'
  /Users/andrewvida/.rbenv/versions/2.1.1/lib/ruby/2.1.0/webrick/httpserver.rb:138:in `service'
  /Users/andrewvida/.rbenv/versions/2.1.1/lib/ruby/2.1.0/webrick/httpserver.rb:94:in `run'
  /Users/andrewvida/.rbenv/versions/2.1.1/lib/ruby/2.1.0/webrick/server.rb:295:in `block in start_thread'


  Rendered /Users/andrewvida/.rbenv/versions/2.1.1/lib/ruby/gems/2.1.0/gems/actionpack-4.0.5/lib/action_dispatch/middleware/templates/rescues/_trace.erb (1.5ms)
  Rendered /Users/andrewvida/.rbenv/versions/2.1.1/lib/ruby/gems/2.1.0/gems/actionpack-4.0.5/lib/action_dispatch/middleware/templates/routes/_route.html.erb (0.9ms)
  Rendered /Users/andrewvida/.rbenv/versions/2.1.1/lib/ruby/gems/2.1.0/gems/actionpack-4.0.5/lib/action_dispatch/middleware/templates/routes/_table.html.erb (1.1ms)
  Rendered /Users/andrewvida/.rbenv/versions/2.1.1/lib/ruby/gems/2.1.0/gems/actionpack-4.0.5/lib/action_dispatch/middleware/templates/rescues/routing_error.erb within rescues/layout (21.5ms)


Started GET "/assets/fonts/sourcesanspro-regular-webfont.ttf" for 127.0.0.1 at 2014-10-15 10:40:13 -0400

ActionController::RoutingError (No route matches [GET] "/assets/fonts/sourcesanspro-regular-webfont.ttf"):
  actionpack (4.0.5) lib/action_dispatch/middleware/debug_exceptions.rb:21:in `call'
  actionpack (4.0.5) lib/action_dispatch/middleware/show_exceptions.rb:30:in `call'
  railties (4.0.5) lib/rails/rack/logger.rb:38:in `call_app'
  railties (4.0.5) lib/rails/rack/logger.rb:20:in `block in call'
  activesupport (4.0.5) lib/active_support/tagged_logging.rb:68:in `block in tagged'
  activesupport (4.0.5) lib/active_support/tagged_logging.rb:26:in `tagged'
  activesupport (4.0.5) lib/active_support/tagged_logging.rb:68:in `tagged'
  railties (4.0.5) lib/rails/rack/logger.rb:20:in `call'
  actionpack (4.0.5) lib/action_dispatch/middleware/request_id.rb:21:in `call'
  rack (1.5.2) lib/rack/methodoverride.rb:21:in `call'
  rack (1.5.2) lib/rack/runtime.rb:17:in `call'
  activesupport (4.0.5) lib/active_support/cache/strategy/local_cache.rb:83:in `call'
  rack (1.5.2) lib/rack/lock.rb:17:in `call'
  actionpack (4.0.5) lib/action_dispatch/middleware/static.rb:64:in `call'
  rack (1.5.2) lib/rack/sendfile.rb:112:in `call'
  railties (4.0.5) lib/rails/engine.rb:511:in `call'
  railties (4.0.5) lib/rails/application.rb:97:in `call'
  rack (1.5.2) lib/rack/lock.rb:17:in `call'
  rack (1.5.2) lib/rack/content_length.rb:14:in `call'
  rack (1.5.2) lib/rack/handler/webrick.rb:60:in `service'
  /Users/andrewvida/.rbenv/versions/2.1.1/lib/ruby/2.1.0/webrick/httpserver.rb:138:in `service'
  /Users/andrewvida/.rbenv/versions/2.1.1/lib/ruby/2.1.0/webrick/httpserver.rb:94:in `run'
  /Users/andrewvida/.rbenv/versions/2.1.1/lib/ruby/2.1.0/webrick/server.rb:295:in `block in start_thread'


  Rendered /Users/andrewvida/.rbenv/versions/2.1.1/lib/ruby/gems/2.1.0/gems/actionpack-4.0.5/lib/action_dispatch/middleware/templates/rescues/_trace.erb (1.8ms)
  Rendered /Users/andrewvida/.rbenv/versions/2.1.1/lib/ruby/gems/2.1.0/gems/actionpack-4.0.5/lib/action_dispatch/middleware/templates/routes/_route.html.erb (1.5ms)
  Rendered /Users/andrewvida/.rbenv/versions/2.1.1/lib/ruby/gems/2.1.0/gems/actionpack-4.0.5/lib/action_dispatch/middleware/templates/routes/_table.html.erb (2.1ms)
  Rendered /Users/andrewvida/.rbenv/versions/2.1.1/lib/ruby/gems/2.1.0/gems/actionpack-4.0.5/lib/action_dispatch/middleware/templates/rescues/routing_error.erb within rescues/layout (23.4ms)


Started GET "/" for 127.0.0.1 at 2014-10-15 10:40:15 -0400
Processing by HomeController#index as HTML
  Rendered home/index.html.erb within layouts/application (0.1ms)
Completed 200 OK in 7ms (Views: 6.4ms | ActiveRecord: 0.0ms)


Started GET "/assets/application.css?body=1" for 127.0.0.1 at 2014-10-15 10:40:15 -0400


Started GET "/assets/home.css?body=1" for 127.0.0.1 at 2014-10-15 10:40:15 -0400


Started GET "/assets/jquery_ujs.js?body=1" for 127.0.0.1 at 2014-10-15 10:40:15 -0400


Started GET "/assets/turbolinks.js?body=1" for 127.0.0.1 at 2014-10-15 10:40:15 -0400


Started GET "/assets/application.js?body=1" for 127.0.0.1 at 2014-10-15 10:40:15 -0400


Started GET "/assets/jquery.js?body=1" for 127.0.0.1 at 2014-10-15 10:40:15 -0400


Started GET "/" for 127.0.0.1 at 2014-10-15 10:40:25 -0400
Processing by HomeController#index as HTML
  Rendered home/index.html.erb within layouts/application (0.1ms)
Completed 200 OK in 6ms (Views: 5.3ms | ActiveRecord: 0.0ms)


Started GET "/assets/home.css?body=1" for 127.0.0.1 at 2014-10-15 10:40:25 -0400


Started GET "/assets/jquery.js?body=1" for 127.0.0.1 at 2014-10-15 10:40:25 -0400


Started GET "/assets/turbolinks.js?body=1" for 127.0.0.1 at 2014-10-15 10:40:25 -0400


Started GET "/assets/application.js?body=1" for 127.0.0.1 at 2014-10-15 10:40:25 -0400


Started GET "/assets/application.css?body=1" for 127.0.0.1 at 2014-10-15 10:40:25 -0400


Started GET "/assets/jquery_ujs.js?body=1" for 127.0.0.1 at 2014-10-15 10:40:25 -0400


Started GET "/" for 127.0.0.1 at 2014-10-15 10:40:28 -0400
Processing by HomeController#index as HTML
  Rendered home/index.html.erb within layouts/application (0.1ms)
Completed 200 OK in 6ms (Views: 4.9ms | ActiveRecord: 0.0ms)


Started GET "/assets/home.css?body=1" for 127.0.0.1 at 2014-10-15 10:40:28 -0400


Started GET "/assets/application.css?body=1" for 127.0.0.1 at 2014-10-15 10:40:28 -0400


Started GET "/assets/jquery.js?body=1" for 127.0.0.1 at 2014-10-15 10:40:28 -0400


Started GET "/assets/jquery_ujs.js?body=1" for 127.0.0.1 at 2014-10-15 10:40:28 -0400


Started GET "/assets/application.js?body=1" for 127.0.0.1 at 2014-10-15 10:40:28 -0400


Started GET "/assets/turbolinks.js?body=1" for 127.0.0.1 at 2014-10-15 10:40:28 -0400


Started GET "/" for 127.0.0.1 at 2014-10-15 10:41:00 -0400
Processing by HomeController#index as HTML
  Rendered home/index.html.erb within layouts/application (0.1ms)
Completed 200 OK in 31ms (Views: 30.1ms | ActiveRecord: 0.0ms)


Started GET "/assets/application.css?body=1" for 127.0.0.1 at 2014-10-15 10:41:00 -0400


Started GET "/assets/home.css?body=1" for 127.0.0.1 at 2014-10-15 10:41:01 -0400


Started GET "/assets/jquery.js?body=1" for 127.0.0.1 at 2014-10-15 10:41:01 -0400


Started GET "/assets/jquery_ujs.js?body=1" for 127.0.0.1 at 2014-10-15 10:41:01 -0400


Started GET "/assets/turbolinks.js?body=1" for 127.0.0.1 at 2014-10-15 10:41:01 -0400


Started GET "/assets/application.js?body=1" for 127.0.0.1 at 2014-10-15 10:41:01 -0400


Started GET "/assets/fonts/CORVETTE.TTF" for 127.0.0.1 at 2014-10-15 10:41:01 -0400

ActionController::RoutingError (No route matches [GET] "/assets/fonts/CORVETTE.TTF"):
  actionpack (4.0.5) lib/action_dispatch/middleware/debug_exceptions.rb:21:in `call'
  actionpack (4.0.5) lib/action_dispatch/middleware/show_exceptions.rb:30:in `call'
  railties (4.0.5) lib/rails/rack/logger.rb:38:in `call_app'
  railties (4.0.5) lib/rails/rack/logger.rb:20:in `block in call'
  activesupport (4.0.5) lib/active_support/tagged_logging.rb:68:in `block in tagged'
  activesupport (4.0.5) lib/active_support/tagged_logging.rb:26:in `tagged'
  activesupport (4.0.5) lib/active_support/tagged_logging.rb:68:in `tagged'
  railties (4.0.5) lib/rails/rack/logger.rb:20:in `call'
  actionpack (4.0.5) lib/action_dispatch/middleware/request_id.rb:21:in `call'
  rack (1.5.2) lib/rack/methodoverride.rb:21:in `call'
  rack (1.5.2) lib/rack/runtime.rb:17:in `call'
  activesupport (4.0.5) lib/active_support/cache/strategy/local_cache.rb:83:in `call'
  rack (1.5.2) lib/rack/lock.rb:17:in `call'
  actionpack (4.0.5) lib/action_dispatch/middleware/static.rb:64:in `call'
  rack (1.5.2) lib/rack/sendfile.rb:112:in `call'
  railties (4.0.5) lib/rails/engine.rb:511:in `call'
  railties (4.0.5) lib/rails/application.rb:97:in `call'
  rack (1.5.2) lib/rack/lock.rb:17:in `call'
  rack (1.5.2) lib/rack/content_length.rb:14:in `call'
  rack (1.5.2) lib/rack/handler/webrick.rb:60:in `service'
  /Users/andrewvida/.rbenv/versions/2.1.1/lib/ruby/2.1.0/webrick/httpserver.rb:138:in `service'
  /Users/andrewvida/.rbenv/versions/2.1.1/lib/ruby/2.1.0/webrick/httpserver.rb:94:in `run'
  /Users/andrewvida/.rbenv/versions/2.1.1/lib/ruby/2.1.0/webrick/server.rb:295:in `block in start_thread'


  Rendered /Users/andrewvida/.rbenv/versions/2.1.1/lib/ruby/gems/2.1.0/gems/actionpack-4.0.5/lib/action_dispatch/middleware/templates/rescues/_trace.erb (1.9ms)
  Rendered /Users/andrewvida/.rbenv/versions/2.1.1/lib/ruby/gems/2.1.0/gems/actionpack-4.0.5/lib/action_dispatch/middleware/templates/routes/_route.html.erb (1.4ms)
  Rendered /Users/andrewvida/.rbenv/versions/2.1.1/lib/ruby/gems/2.1.0/gems/actionpack-4.0.5/lib/action_dispatch/middleware/templates/routes/_table.html.erb (2.2ms)
  Rendered /Users/andrewvida/.rbenv/versions/2.1.1/lib/ruby/gems/2.1.0/gems/actionpack-4.0.5/lib/action_dispatch/middleware/templates/rescues/routing_error.erb within rescues/layout (27.0ms)


Started GET "/assets/fonts/sourcesanspro-regular-webfont.ttf" for 127.0.0.1 at 2014-10-15 10:41:01 -0400

ActionController::RoutingError (No route matches [GET] "/assets/fonts/sourcesanspro-regular-webfont.ttf"):
  actionpack (4.0.5) lib/action_dispatch/middleware/debug_exceptions.rb:21:in `call'
  actionpack (4.0.5) lib/action_dispatch/middleware/show_exceptions.rb:30:in `call'
  railties (4.0.5) lib/rails/rack/logger.rb:38:in `call_app'
  railties (4.0.5) lib/rails/rack/logger.rb:20:in `block in call'
  activesupport (4.0.5) lib/active_support/tagged_logging.rb:68:in `block in tagged'
  activesupport (4.0.5) lib/active_support/tagged_logging.rb:26:in `tagged'
  activesupport (4.0.5) lib/active_support/tagged_logging.rb:68:in `tagged'
  railties (4.0.5) lib/rails/rack/logger.rb:20:in `call'
  actionpack (4.0.5) lib/action_dispatch/middleware/request_id.rb:21:in `call'
  rack (1.5.2) lib/rack/methodoverride.rb:21:in `call'
  rack (1.5.2) lib/rack/runtime.rb:17:in `call'
  activesupport (4.0.5) lib/active_support/cache/strategy/local_cache.rb:83:in `call'
  rack (1.5.2) lib/rack/lock.rb:17:in `call'
  actionpack (4.0.5) lib/action_dispatch/middleware/static.rb:64:in `call'
  rack (1.5.2) lib/rack/sendfile.rb:112:in `call'
  railties (4.0.5) lib/rails/engine.rb:511:in `call'
  railties (4.0.5) lib/rails/application.rb:97:in `call'
  rack (1.5.2) lib/rack/lock.rb:17:in `call'
  rack (1.5.2) lib/rack/content_length.rb:14:in `call'
  rack (1.5.2) lib/rack/handler/webrick.rb:60:in `service'
  /Users/andrewvida/.rbenv/versions/2.1.1/lib/ruby/2.1.0/webrick/httpserver.rb:138:in `service'
  /Users/andrewvida/.rbenv/versions/2.1.1/lib/ruby/2.1.0/webrick/httpserver.rb:94:in `run'
  /Users/andrewvida/.rbenv/versions/2.1.1/lib/ruby/2.1.0/webrick/server.rb:295:in `block in start_thread'


  Rendered /Users/andrewvida/.rbenv/versions/2.1.1/lib/ruby/gems/2.1.0/gems/actionpack-4.0.5/lib/action_dispatch/middleware/templates/rescues/_trace.erb (1.3ms)
  Rendered /Users/andrewvida/.rbenv/versions/2.1.1/lib/ruby/gems/2.1.0/gems/actionpack-4.0.5/lib/action_dispatch/middleware/templates/routes/_route.html.erb (0.9ms)
  Rendered /Users/andrewvida/.rbenv/versions/2.1.1/lib/ruby/gems/2.1.0/gems/actionpack-4.0.5/lib/action_dispatch/middleware/templates/routes/_table.html.erb (1.8ms)
  Rendered /Users/andrewvida/.rbenv/versions/2.1.1/lib/ruby/gems/2.1.0/gems/actionpack-4.0.5/lib/action_dispatch/middleware/templates/rescues/routing_error.erb within rescues/layout (23.8ms)


Started GET "/assets/generations.jpg" for 127.0.0.1 at 2014-10-15 10:41:01 -0400


Started GET "/" for 127.0.0.1 at 2014-10-15 10:41:17 -0400
Processing by HomeController#index as HTML
  Rendered home/index.html.erb within layouts/application (0.2ms)
Completed 200 OK in 30ms (Views: 29.6ms | ActiveRecord: 0.0ms)


Started GET "/assets/application.css?body=1" for 127.0.0.1 at 2014-10-15 10:41:17 -0400


Started GET "/assets/jquery.js?body=1" for 127.0.0.1 at 2014-10-15 10:41:17 -0400


Started GET "/assets/turbolinks.js?body=1" for 127.0.0.1 at 2014-10-15 10:41:17 -0400


Started GET "/assets/home.css?body=1" for 127.0.0.1 at 2014-10-15 10:41:17 -0400


Started GET "/assets/application.js?body=1" for 127.0.0.1 at 2014-10-15 10:41:18 -0400


Started GET "/assets/jquery_ujs.js?body=1" for 127.0.0.1 at 2014-10-15 10:41:18 -0400


Started GET "/assets/CORVETTE.TTF" for 127.0.0.1 at 2014-10-15 10:41:18 -0400


Started GET "/assets/generations.jpg" for 127.0.0.1 at 2014-10-15 10:41:18 -0400


Started GET "/assets/fonts/sourcesanspro-regular-webfont.ttf" for 127.0.0.1 at 2014-10-15 10:41:18 -0400

ActionController::RoutingError (No route matches [GET] "/assets/fonts/sourcesanspro-regular-webfont.ttf"):
  actionpack (4.0.5) lib/action_dispatch/middleware/debug_exceptions.rb:21:in `call'
  actionpack (4.0.5) lib/action_dispatch/middleware/show_exceptions.rb:30:in `call'
  railties (4.0.5) lib/rails/rack/logger.rb:38:in `call_app'
  railties (4.0.5) lib/rails/rack/logger.rb:20:in `block in call'
  activesupport (4.0.5) lib/active_support/tagged_logging.rb:68:in `block in tagged'
  activesupport (4.0.5) lib/active_support/tagged_logging.rb:26:in `tagged'
  activesupport (4.0.5) lib/active_support/tagged_logging.rb:68:in `tagged'
  railties (4.0.5) lib/rails/rack/logger.rb:20:in `call'
  actionpack (4.0.5) lib/action_dispatch/middleware/request_id.rb:21:in `call'
  rack (1.5.2) lib/rack/methodoverride.rb:21:in `call'
  rack (1.5.2) lib/rack/runtime.rb:17:in `call'
  activesupport (4.0.5) lib/active_support/cache/strategy/local_cache.rb:83:in `call'
  rack (1.5.2) lib/rack/lock.rb:17:in `call'
  actionpack (4.0.5) lib/action_dispatch/middleware/static.rb:64:in `call'
  rack (1.5.2) lib/rack/sendfile.rb:112:in `call'
  railties (4.0.5) lib/rails/engine.rb:511:in `call'
  railties (4.0.5) lib/rails/application.rb:97:in `call'
  rack (1.5.2) lib/rack/lock.rb:17:in `call'
  rack (1.5.2) lib/rack/content_length.rb:14:in `call'
  rack (1.5.2) lib/rack/handler/webrick.rb:60:in `service'
  /Users/andrewvida/.rbenv/versions/2.1.1/lib/ruby/2.1.0/webrick/httpserver.rb:138:in `service'
  /Users/andrewvida/.rbenv/versions/2.1.1/lib/ruby/2.1.0/webrick/httpserver.rb:94:in `run'
  /Users/andrewvida/.rbenv/versions/2.1.1/lib/ruby/2.1.0/webrick/server.rb:295:in `block in start_thread'


  Rendered /Users/andrewvida/.rbenv/versions/2.1.1/lib/ruby/gems/2.1.0/gems/actionpack-4.0.5/lib/action_dispatch/middleware/templates/rescues/_trace.erb (1.9ms)
  Rendered /Users/andrewvida/.rbenv/versions/2.1.1/lib/ruby/gems/2.1.0/gems/actionpack-4.0.5/lib/action_dispatch/middleware/templates/routes/_route.html.erb (1.2ms)
  Rendered /Users/andrewvida/.rbenv/versions/2.1.1/lib/ruby/gems/2.1.0/gems/actionpack-4.0.5/lib/action_dispatch/middleware/templates/routes/_table.html.erb (1.5ms)
  Rendered /Users/andrewvida/.rbenv/versions/2.1.1/lib/ruby/gems/2.1.0/gems/actionpack-4.0.5/lib/action_dispatch/middleware/templates/rescues/routing_error.erb within rescues/layout (22.8ms)


Started GET "/" for 127.0.0.1 at 2014-10-15 10:41:28 -0400
Processing by HomeController#index as HTML
  Rendered home/index.html.erb within layouts/application (0.0ms)
Completed 200 OK in 30ms (Views: 29.1ms | ActiveRecord: 0.0ms)


Started GET "/assets/application.css?body=1" for 127.0.0.1 at 2014-10-15 10:41:28 -0400


Started GET "/assets/turbolinks.js?body=1" for 127.0.0.1 at 2014-10-15 10:41:28 -0400


Started GET "/assets/jquery.js?body=1" for 127.0.0.1 at 2014-10-15 10:41:28 -0400


Started GET "/assets/application.js?body=1" for 127.0.0.1 at 2014-10-15 10:41:28 -0400


Started GET "/assets/jquery_ujs.js?body=1" for 127.0.0.1 at 2014-10-15 10:41:28 -0400


Started GET "/assets/home.css?body=1" for 127.0.0.1 at 2014-10-15 10:41:28 -0400


Started GET "/assets/sourcesanspro-regular-webfont.ttf" for 127.0.0.1 at 2014-10-15 10:41:28 -0400


Started GET "/assets/CORVETTE.TTF" for 127.0.0.1 at 2014-10-15 10:41:28 -0400


Started GET "/assets/generations.jpg" for 127.0.0.1 at 2014-10-15 10:41:28 -0400
